<?xml version="1.0" encoding="UTF-8"?>
<testsuite name="SILab2Test" tests="2" skipped="0" failures="0" errors="0" timestamp="2022-05-23T08:04:10" hostname="PESHEVSKIDIMITA" time="0.018">
  <properties/>
  <testcase name="testEveryStatement()" classname="SILab2Test" time="0.017"/>
  <testcase name="testEveryBranch()" classname="SILab2Test" time="0.001"/>
  <system-out><![CDATA[]]></system-out>
  <system-err><![CDATA[]]></system-err>
</testsuite>
